   0  $accept : Goal $end

   1  Goal : MainClass ClassDeclaretionRepetition
   2       | MainClass

   3  MainClass : CLASS IDENTIFIER '{' PUBLIC STATIC VOID MAIN '(' STRING '[' ']' IDENTIFIER ')' '{' Statement '}' '}'

   4  ClassDeclaretionRepetition : ClassDeclaretionRepetition ClassDeclaretion

   5  ClassDeclaretion : CLASS IDENTIFIER EXTENDS IDENTIFIER '{' VarDeclaretionRepetition MethodDeclarationRepetition '}'
   6                   | CLASS IDENTIFIER '{' VarDeclaretionRepetition MethodDeclarationRepetition '}'
   7                   | CLASS IDENTIFIER EXTENDS IDENTIFIER '{' MethodDeclarationRepetition '}'
   8                   | CLASS IDENTIFIER '{' MethodDeclarationRepetition '}'
   9                   | CLASS IDENTIFIER EXTENDS IDENTIFIER '{' VarDeclaretionRepetition '}'
  10                   | CLASS IDENTIFIER '{' VarDeclaretionRepetition '}'
  11                   | CLASS IDENTIFIER EXTENDS IDENTIFIER '{' '}'
  12                   | CLASS IDENTIFIER '{' '}'

  13  VarDeclaretionRepetition : VarDeclaretionRepetition VarDeclaretion
  14                           | VarDeclaretion

  15  MethodDeclarationRepetition : MethodDeclarationRepetition MethodDeclaration
  16                              | MethodDeclaration

  17  VarDeclaretion : Type IDENTIFIER ';'

  18  MethodDeclaration : PUBLIC Type IDENTIFIER '(' DeclarationTypesRepetition ')' '{' VarDeclaretionRepetition StatementRepetition RETURN Expression ';' '}'
  19                    | PUBLIC Type IDENTIFIER '(' DeclarationTypesRepetition ')' '{' VarDeclaretionRepetition RETURN Expression ';' '}'
  20                    | PUBLIC Type IDENTIFIER '(' ')' '{' VarDeclaretionRepetition StatementRepetition RETURN Expression ';' '}'
  21                    | PUBLIC Type IDENTIFIER '(' ')' '{' VarDeclaretionRepetition RETURN Expression ';' '}'
  22                    | PUBLIC Type IDENTIFIER '(' DeclarationTypesRepetition ')' '{' StatementRepetition RETURN Expression ';' '}'
  23                    | PUBLIC Type IDENTIFIER '(' DeclarationTypesRepetition ')' '{' RETURN Expression ';' '}'
  24                    | PUBLIC Type IDENTIFIER '(' ')' '{' StatementRepetition RETURN Expression ';' '}'
  25                    | PUBLIC Type IDENTIFIER '(' ')' '{' RETURN Expression ';' '}'

  26  DeclarationTypesRepetition : Type IDENTIFIER ',' DeclarationTypesRepetition
  27                             | Type IDENTIFIER

  28  StatementRepetition : StatementRepetition Statement
  29                      | Statement

  30  Type : INT '[' ']'
  31       | BOOLEAN
  32       | INT
  33       | IDENTIFIER

  34  Statement : '{' StatementRepetition '}'
  35            | '{' '}'
  36            | IF '(' Expression ')' Statement ELSE Statement
  37            | WHILE '(' Expression ')' Statement
  38            | PRINT '(' Expression ')' ';'
  39            | IDENTIFIER '=' Expression ';'
  40            | IDENTIFIER '[' Expression ']' '=' Expression ';'

  41  Expression : Expression Operator Expression
  42             | Expression '[' Expression ']'
  43             | Expression '.' LENGTH
  44             | Expression '.' IDENTIFIER '(' ')'
  45             | Expression '.' IDENTIFIER '(' ExpressionRepetition ')'
  46             | INTEGERLITERAL
  47             | TRUE
  48             | FALSE
  49             | IDENTIFIER
  50             | THIS
  51             | NEW INT '[' Expression ']'
  52             | NEW IDENTIFIER '(' ')'
  53             | '!' Expression
  54             | '(' Expression ')'

  55  ExpressionRepetition : ExpressionRepetition ',' Expression
  56                       | Expression

  57  Operator : "&&"
  58           | '<'
  59           | '+'
  60           | '-'
  61           | '*'

state 0
	$accept : . Goal $end  (0)

	CLASS  shift 1
	.  error

	Goal  goto 2
	MainClass  goto 3


state 1
	MainClass : CLASS . IDENTIFIER '{' PUBLIC STATIC VOID MAIN '(' STRING '[' ']' IDENTIFIER ')' '{' Statement '}' '}'  (3)

	IDENTIFIER  shift 4
	.  error


state 2
	$accept : Goal . $end  (0)

	$end  accept


state 3
	Goal : MainClass . ClassDeclaretionRepetition  (1)
	Goal : MainClass .  (2)

	.  reduce 2

	ClassDeclaretionRepetition  goto 5


state 4
	MainClass : CLASS IDENTIFIER . '{' PUBLIC STATIC VOID MAIN '(' STRING '[' ']' IDENTIFIER ')' '{' Statement '}' '}'  (3)

	'{'  shift 6
	.  error


state 5
	Goal : MainClass ClassDeclaretionRepetition .  (1)
	ClassDeclaretionRepetition : ClassDeclaretionRepetition . ClassDeclaretion  (4)

	CLASS  shift 7
	$end  reduce 1

	ClassDeclaretion  goto 8


state 6
	MainClass : CLASS IDENTIFIER '{' . PUBLIC STATIC VOID MAIN '(' STRING '[' ']' IDENTIFIER ')' '{' Statement '}' '}'  (3)

	PUBLIC  shift 9
	.  error


state 7
	ClassDeclaretion : CLASS . IDENTIFIER EXTENDS IDENTIFIER '{' VarDeclaretionRepetition MethodDeclarationRepetition '}'  (5)
	ClassDeclaretion : CLASS . IDENTIFIER '{' VarDeclaretionRepetition MethodDeclarationRepetition '}'  (6)
	ClassDeclaretion : CLASS . IDENTIFIER EXTENDS IDENTIFIER '{' MethodDeclarationRepetition '}'  (7)
	ClassDeclaretion : CLASS . IDENTIFIER '{' MethodDeclarationRepetition '}'  (8)
	ClassDeclaretion : CLASS . IDENTIFIER EXTENDS IDENTIFIER '{' VarDeclaretionRepetition '}'  (9)
	ClassDeclaretion : CLASS . IDENTIFIER '{' VarDeclaretionRepetition '}'  (10)
	ClassDeclaretion : CLASS . IDENTIFIER EXTENDS IDENTIFIER '{' '}'  (11)
	ClassDeclaretion : CLASS . IDENTIFIER '{' '}'  (12)

	IDENTIFIER  shift 10
	.  error


state 8
	ClassDeclaretionRepetition : ClassDeclaretionRepetition ClassDeclaretion .  (4)

	.  reduce 4


state 9
	MainClass : CLASS IDENTIFIER '{' PUBLIC . STATIC VOID MAIN '(' STRING '[' ']' IDENTIFIER ')' '{' Statement '}' '}'  (3)

	STATIC  shift 11
	.  error


state 10
	ClassDeclaretion : CLASS IDENTIFIER . EXTENDS IDENTIFIER '{' VarDeclaretionRepetition MethodDeclarationRepetition '}'  (5)
	ClassDeclaretion : CLASS IDENTIFIER . '{' VarDeclaretionRepetition MethodDeclarationRepetition '}'  (6)
	ClassDeclaretion : CLASS IDENTIFIER . EXTENDS IDENTIFIER '{' MethodDeclarationRepetition '}'  (7)
	ClassDeclaretion : CLASS IDENTIFIER . '{' MethodDeclarationRepetition '}'  (8)
	ClassDeclaretion : CLASS IDENTIFIER . EXTENDS IDENTIFIER '{' VarDeclaretionRepetition '}'  (9)
	ClassDeclaretion : CLASS IDENTIFIER . '{' VarDeclaretionRepetition '}'  (10)
	ClassDeclaretion : CLASS IDENTIFIER . EXTENDS IDENTIFIER '{' '}'  (11)
	ClassDeclaretion : CLASS IDENTIFIER . '{' '}'  (12)

	EXTENDS  shift 12
	'{'  shift 13
	.  error


state 11
	MainClass : CLASS IDENTIFIER '{' PUBLIC STATIC . VOID MAIN '(' STRING '[' ']' IDENTIFIER ')' '{' Statement '}' '}'  (3)

	VOID  shift 14
	.  error


state 12
	ClassDeclaretion : CLASS IDENTIFIER EXTENDS . IDENTIFIER '{' VarDeclaretionRepetition MethodDeclarationRepetition '}'  (5)
	ClassDeclaretion : CLASS IDENTIFIER EXTENDS . IDENTIFIER '{' MethodDeclarationRepetition '}'  (7)
	ClassDeclaretion : CLASS IDENTIFIER EXTENDS . IDENTIFIER '{' VarDeclaretionRepetition '}'  (9)
	ClassDeclaretion : CLASS IDENTIFIER EXTENDS . IDENTIFIER '{' '}'  (11)

	IDENTIFIER  shift 15
	.  error


state 13
	ClassDeclaretion : CLASS IDENTIFIER '{' . VarDeclaretionRepetition MethodDeclarationRepetition '}'  (6)
	ClassDeclaretion : CLASS IDENTIFIER '{' . MethodDeclarationRepetition '}'  (8)
	ClassDeclaretion : CLASS IDENTIFIER '{' . VarDeclaretionRepetition '}'  (10)
	ClassDeclaretion : CLASS IDENTIFIER '{' . '}'  (12)

	PUBLIC  shift 16
	BOOLEAN  shift 17
	INT  shift 18
	IDENTIFIER  shift 19
	'}'  shift 20
	.  error

	VarDeclaretionRepetition  goto 21
	MethodDeclarationRepetition  goto 22
	VarDeclaretion  goto 23
	MethodDeclaration  goto 24
	Type  goto 25


state 14
	MainClass : CLASS IDENTIFIER '{' PUBLIC STATIC VOID . MAIN '(' STRING '[' ']' IDENTIFIER ')' '{' Statement '}' '}'  (3)

	MAIN  shift 26
	.  error


state 15
	ClassDeclaretion : CLASS IDENTIFIER EXTENDS IDENTIFIER . '{' VarDeclaretionRepetition MethodDeclarationRepetition '}'  (5)
	ClassDeclaretion : CLASS IDENTIFIER EXTENDS IDENTIFIER . '{' MethodDeclarationRepetition '}'  (7)
	ClassDeclaretion : CLASS IDENTIFIER EXTENDS IDENTIFIER . '{' VarDeclaretionRepetition '}'  (9)
	ClassDeclaretion : CLASS IDENTIFIER EXTENDS IDENTIFIER . '{' '}'  (11)

	'{'  shift 27
	.  error


state 16
	MethodDeclaration : PUBLIC . Type IDENTIFIER '(' DeclarationTypesRepetition ')' '{' VarDeclaretionRepetition StatementRepetition RETURN Expression ';' '}'  (18)
	MethodDeclaration : PUBLIC . Type IDENTIFIER '(' DeclarationTypesRepetition ')' '{' VarDeclaretionRepetition RETURN Expression ';' '}'  (19)
	MethodDeclaration : PUBLIC . Type IDENTIFIER '(' ')' '{' VarDeclaretionRepetition StatementRepetition RETURN Expression ';' '}'  (20)
	MethodDeclaration : PUBLIC . Type IDENTIFIER '(' ')' '{' VarDeclaretionRepetition RETURN Expression ';' '}'  (21)
	MethodDeclaration : PUBLIC . Type IDENTIFIER '(' DeclarationTypesRepetition ')' '{' StatementRepetition RETURN Expression ';' '}'  (22)
	MethodDeclaration : PUBLIC . Type IDENTIFIER '(' DeclarationTypesRepetition ')' '{' RETURN Expression ';' '}'  (23)
	MethodDeclaration : PUBLIC . Type IDENTIFIER '(' ')' '{' StatementRepetition RETURN Expression ';' '}'  (24)
	MethodDeclaration : PUBLIC . Type IDENTIFIER '(' ')' '{' RETURN Expression ';' '}'  (25)

	BOOLEAN  shift 17
	INT  shift 18
	IDENTIFIER  shift 19
	.  error

	Type  goto 28


state 17
	Type : BOOLEAN .  (31)

	.  reduce 31


state 18
	Type : INT . '[' ']'  (30)
	Type : INT .  (32)

	'['  shift 29
	IDENTIFIER  reduce 32


state 19
	Type : IDENTIFIER .  (33)

	.  reduce 33


state 20
	ClassDeclaretion : CLASS IDENTIFIER '{' '}' .  (12)

	.  reduce 12


state 21
	ClassDeclaretion : CLASS IDENTIFIER '{' VarDeclaretionRepetition . MethodDeclarationRepetition '}'  (6)
	ClassDeclaretion : CLASS IDENTIFIER '{' VarDeclaretionRepetition . '}'  (10)
	VarDeclaretionRepetition : VarDeclaretionRepetition . VarDeclaretion  (13)

	PUBLIC  shift 16
	BOOLEAN  shift 17
	INT  shift 18
	IDENTIFIER  shift 19
	'}'  shift 30
	.  error

	MethodDeclarationRepetition  goto 31
	VarDeclaretion  goto 32
	MethodDeclaration  goto 24
	Type  goto 25


state 22
	ClassDeclaretion : CLASS IDENTIFIER '{' MethodDeclarationRepetition . '}'  (8)
	MethodDeclarationRepetition : MethodDeclarationRepetition . MethodDeclaration  (15)

	PUBLIC  shift 16
	'}'  shift 33
	.  error

	MethodDeclaration  goto 34


state 23
	VarDeclaretionRepetition : VarDeclaretion .  (14)

	.  reduce 14


state 24
	MethodDeclarationRepetition : MethodDeclaration .  (16)

	.  reduce 16


state 25
	VarDeclaretion : Type . IDENTIFIER ';'  (17)

	IDENTIFIER  shift 35
	.  error


state 26
	MainClass : CLASS IDENTIFIER '{' PUBLIC STATIC VOID MAIN . '(' STRING '[' ']' IDENTIFIER ')' '{' Statement '}' '}'  (3)

	'('  shift 36
	.  error


state 27
	ClassDeclaretion : CLASS IDENTIFIER EXTENDS IDENTIFIER '{' . VarDeclaretionRepetition MethodDeclarationRepetition '}'  (5)
	ClassDeclaretion : CLASS IDENTIFIER EXTENDS IDENTIFIER '{' . MethodDeclarationRepetition '}'  (7)
	ClassDeclaretion : CLASS IDENTIFIER EXTENDS IDENTIFIER '{' . VarDeclaretionRepetition '}'  (9)
	ClassDeclaretion : CLASS IDENTIFIER EXTENDS IDENTIFIER '{' . '}'  (11)

	PUBLIC  shift 16
	BOOLEAN  shift 17
	INT  shift 18
	IDENTIFIER  shift 19
	'}'  shift 37
	.  error

	VarDeclaretionRepetition  goto 38
	MethodDeclarationRepetition  goto 39
	VarDeclaretion  goto 23
	MethodDeclaration  goto 24
	Type  goto 25


state 28
	MethodDeclaration : PUBLIC Type . IDENTIFIER '(' DeclarationTypesRepetition ')' '{' VarDeclaretionRepetition StatementRepetition RETURN Expression ';' '}'  (18)
	MethodDeclaration : PUBLIC Type . IDENTIFIER '(' DeclarationTypesRepetition ')' '{' VarDeclaretionRepetition RETURN Expression ';' '}'  (19)
	MethodDeclaration : PUBLIC Type . IDENTIFIER '(' ')' '{' VarDeclaretionRepetition StatementRepetition RETURN Expression ';' '}'  (20)
	MethodDeclaration : PUBLIC Type . IDENTIFIER '(' ')' '{' VarDeclaretionRepetition RETURN Expression ';' '}'  (21)
	MethodDeclaration : PUBLIC Type . IDENTIFIER '(' DeclarationTypesRepetition ')' '{' StatementRepetition RETURN Expression ';' '}'  (22)
	MethodDeclaration : PUBLIC Type . IDENTIFIER '(' DeclarationTypesRepetition ')' '{' RETURN Expression ';' '}'  (23)
	MethodDeclaration : PUBLIC Type . IDENTIFIER '(' ')' '{' StatementRepetition RETURN Expression ';' '}'  (24)
	MethodDeclaration : PUBLIC Type . IDENTIFIER '(' ')' '{' RETURN Expression ';' '}'  (25)

	IDENTIFIER  shift 40
	.  error


state 29
	Type : INT '[' . ']'  (30)

	']'  shift 41
	.  error


state 30
	ClassDeclaretion : CLASS IDENTIFIER '{' VarDeclaretionRepetition '}' .  (10)

	.  reduce 10


state 31
	ClassDeclaretion : CLASS IDENTIFIER '{' VarDeclaretionRepetition MethodDeclarationRepetition . '}'  (6)
	MethodDeclarationRepetition : MethodDeclarationRepetition . MethodDeclaration  (15)

	PUBLIC  shift 16
	'}'  shift 42
	.  error

	MethodDeclaration  goto 34


state 32
	VarDeclaretionRepetition : VarDeclaretionRepetition VarDeclaretion .  (13)

	.  reduce 13


state 33
	ClassDeclaretion : CLASS IDENTIFIER '{' MethodDeclarationRepetition '}' .  (8)

	.  reduce 8


state 34
	MethodDeclarationRepetition : MethodDeclarationRepetition MethodDeclaration .  (15)

	.  reduce 15


state 35
	VarDeclaretion : Type IDENTIFIER . ';'  (17)

	';'  shift 43
	.  error


state 36
	MainClass : CLASS IDENTIFIER '{' PUBLIC STATIC VOID MAIN '(' . STRING '[' ']' IDENTIFIER ')' '{' Statement '}' '}'  (3)

	STRING  shift 44
	.  error


state 37
	ClassDeclaretion : CLASS IDENTIFIER EXTENDS IDENTIFIER '{' '}' .  (11)

	.  reduce 11


state 38
	ClassDeclaretion : CLASS IDENTIFIER EXTENDS IDENTIFIER '{' VarDeclaretionRepetition . MethodDeclarationRepetition '}'  (5)
	ClassDeclaretion : CLASS IDENTIFIER EXTENDS IDENTIFIER '{' VarDeclaretionRepetition . '}'  (9)
	VarDeclaretionRepetition : VarDeclaretionRepetition . VarDeclaretion  (13)

	PUBLIC  shift 16
	BOOLEAN  shift 17
	INT  shift 18
	IDENTIFIER  shift 19
	'}'  shift 45
	.  error

	MethodDeclarationRepetition  goto 46
	VarDeclaretion  goto 32
	MethodDeclaration  goto 24
	Type  goto 25


state 39
	ClassDeclaretion : CLASS IDENTIFIER EXTENDS IDENTIFIER '{' MethodDeclarationRepetition . '}'  (7)
	MethodDeclarationRepetition : MethodDeclarationRepetition . MethodDeclaration  (15)

	PUBLIC  shift 16
	'}'  shift 47
	.  error

	MethodDeclaration  goto 34


state 40
	MethodDeclaration : PUBLIC Type IDENTIFIER . '(' DeclarationTypesRepetition ')' '{' VarDeclaretionRepetition StatementRepetition RETURN Expression ';' '}'  (18)
	MethodDeclaration : PUBLIC Type IDENTIFIER . '(' DeclarationTypesRepetition ')' '{' VarDeclaretionRepetition RETURN Expression ';' '}'  (19)
	MethodDeclaration : PUBLIC Type IDENTIFIER . '(' ')' '{' VarDeclaretionRepetition StatementRepetition RETURN Expression ';' '}'  (20)
	MethodDeclaration : PUBLIC Type IDENTIFIER . '(' ')' '{' VarDeclaretionRepetition RETURN Expression ';' '}'  (21)
	MethodDeclaration : PUBLIC Type IDENTIFIER . '(' DeclarationTypesRepetition ')' '{' StatementRepetition RETURN Expression ';' '}'  (22)
	MethodDeclaration : PUBLIC Type IDENTIFIER . '(' DeclarationTypesRepetition ')' '{' RETURN Expression ';' '}'  (23)
	MethodDeclaration : PUBLIC Type IDENTIFIER . '(' ')' '{' StatementRepetition RETURN Expression ';' '}'  (24)
	MethodDeclaration : PUBLIC Type IDENTIFIER . '(' ')' '{' RETURN Expression ';' '}'  (25)

	'('  shift 48
	.  error


state 41
	Type : INT '[' ']' .  (30)

	.  reduce 30


state 42
	ClassDeclaretion : CLASS IDENTIFIER '{' VarDeclaretionRepetition MethodDeclarationRepetition '}' .  (6)

	.  reduce 6


state 43
	VarDeclaretion : Type IDENTIFIER ';' .  (17)

	.  reduce 17


state 44
	MainClass : CLASS IDENTIFIER '{' PUBLIC STATIC VOID MAIN '(' STRING . '[' ']' IDENTIFIER ')' '{' Statement '}' '}'  (3)

	'['  shift 49
	.  error


state 45
	ClassDeclaretion : CLASS IDENTIFIER EXTENDS IDENTIFIER '{' VarDeclaretionRepetition '}' .  (9)

	.  reduce 9


state 46
	ClassDeclaretion : CLASS IDENTIFIER EXTENDS IDENTIFIER '{' VarDeclaretionRepetition MethodDeclarationRepetition . '}'  (5)
	MethodDeclarationRepetition : MethodDeclarationRepetition . MethodDeclaration  (15)

	PUBLIC  shift 16
	'}'  shift 50
	.  error

	MethodDeclaration  goto 34


state 47
	ClassDeclaretion : CLASS IDENTIFIER EXTENDS IDENTIFIER '{' MethodDeclarationRepetition '}' .  (7)

	.  reduce 7


state 48
	MethodDeclaration : PUBLIC Type IDENTIFIER '(' . DeclarationTypesRepetition ')' '{' VarDeclaretionRepetition StatementRepetition RETURN Expression ';' '}'  (18)
	MethodDeclaration : PUBLIC Type IDENTIFIER '(' . DeclarationTypesRepetition ')' '{' VarDeclaretionRepetition RETURN Expression ';' '}'  (19)
	MethodDeclaration : PUBLIC Type IDENTIFIER '(' . ')' '{' VarDeclaretionRepetition StatementRepetition RETURN Expression ';' '}'  (20)
	MethodDeclaration : PUBLIC Type IDENTIFIER '(' . ')' '{' VarDeclaretionRepetition RETURN Expression ';' '}'  (21)
	MethodDeclaration : PUBLIC Type IDENTIFIER '(' . DeclarationTypesRepetition ')' '{' StatementRepetition RETURN Expression ';' '}'  (22)
	MethodDeclaration : PUBLIC Type IDENTIFIER '(' . DeclarationTypesRepetition ')' '{' RETURN Expression ';' '}'  (23)
	MethodDeclaration : PUBLIC Type IDENTIFIER '(' . ')' '{' StatementRepetition RETURN Expression ';' '}'  (24)
	MethodDeclaration : PUBLIC Type IDENTIFIER '(' . ')' '{' RETURN Expression ';' '}'  (25)

	BOOLEAN  shift 17
	INT  shift 18
	IDENTIFIER  shift 19
	')'  shift 51
	.  error

	Type  goto 52
	DeclarationTypesRepetition  goto 53


state 49
	MainClass : CLASS IDENTIFIER '{' PUBLIC STATIC VOID MAIN '(' STRING '[' . ']' IDENTIFIER ')' '{' Statement '}' '}'  (3)

	']'  shift 54
	.  error


state 50
	ClassDeclaretion : CLASS IDENTIFIER EXTENDS IDENTIFIER '{' VarDeclaretionRepetition MethodDeclarationRepetition '}' .  (5)

	.  reduce 5


state 51
	MethodDeclaration : PUBLIC Type IDENTIFIER '(' ')' . '{' VarDeclaretionRepetition StatementRepetition RETURN Expression ';' '}'  (20)
	MethodDeclaration : PUBLIC Type IDENTIFIER '(' ')' . '{' VarDeclaretionRepetition RETURN Expression ';' '}'  (21)
	MethodDeclaration : PUBLIC Type IDENTIFIER '(' ')' . '{' StatementRepetition RETURN Expression ';' '}'  (24)
	MethodDeclaration : PUBLIC Type IDENTIFIER '(' ')' . '{' RETURN Expression ';' '}'  (25)

	'{'  shift 55
	.  error


state 52
	DeclarationTypesRepetition : Type . IDENTIFIER ',' DeclarationTypesRepetition  (26)
	DeclarationTypesRepetition : Type . IDENTIFIER  (27)

	IDENTIFIER  shift 56
	.  error


state 53
	MethodDeclaration : PUBLIC Type IDENTIFIER '(' DeclarationTypesRepetition . ')' '{' VarDeclaretionRepetition StatementRepetition RETURN Expression ';' '}'  (18)
	MethodDeclaration : PUBLIC Type IDENTIFIER '(' DeclarationTypesRepetition . ')' '{' VarDeclaretionRepetition RETURN Expression ';' '}'  (19)
	MethodDeclaration : PUBLIC Type IDENTIFIER '(' DeclarationTypesRepetition . ')' '{' StatementRepetition RETURN Expression ';' '}'  (22)
	MethodDeclaration : PUBLIC Type IDENTIFIER '(' DeclarationTypesRepetition . ')' '{' RETURN Expression ';' '}'  (23)

	')'  shift 57
	.  error


state 54
	MainClass : CLASS IDENTIFIER '{' PUBLIC STATIC VOID MAIN '(' STRING '[' ']' . IDENTIFIER ')' '{' Statement '}' '}'  (3)

	IDENTIFIER  shift 58
	.  error


state 55
	MethodDeclaration : PUBLIC Type IDENTIFIER '(' ')' '{' . VarDeclaretionRepetition StatementRepetition RETURN Expression ';' '}'  (20)
	MethodDeclaration : PUBLIC Type IDENTIFIER '(' ')' '{' . VarDeclaretionRepetition RETURN Expression ';' '}'  (21)
	MethodDeclaration : PUBLIC Type IDENTIFIER '(' ')' '{' . StatementRepetition RETURN Expression ';' '}'  (24)
	MethodDeclaration : PUBLIC Type IDENTIFIER '(' ')' '{' . RETURN Expression ';' '}'  (25)

	RETURN  shift 59
	BOOLEAN  shift 17
	INT  shift 18
	IF  shift 60
	WHILE  shift 61
	PRINT  shift 62
	IDENTIFIER  shift 63
	'{'  shift 64
	.  error

	Statement  goto 65
	VarDeclaretionRepetition  goto 66
	VarDeclaretion  goto 23
	Type  goto 25
	StatementRepetition  goto 67


state 56
	DeclarationTypesRepetition : Type IDENTIFIER . ',' DeclarationTypesRepetition  (26)
	DeclarationTypesRepetition : Type IDENTIFIER .  (27)

	','  shift 68
	')'  reduce 27


state 57
	MethodDeclaration : PUBLIC Type IDENTIFIER '(' DeclarationTypesRepetition ')' . '{' VarDeclaretionRepetition StatementRepetition RETURN Expression ';' '}'  (18)
	MethodDeclaration : PUBLIC Type IDENTIFIER '(' DeclarationTypesRepetition ')' . '{' VarDeclaretionRepetition RETURN Expression ';' '}'  (19)
	MethodDeclaration : PUBLIC Type IDENTIFIER '(' DeclarationTypesRepetition ')' . '{' StatementRepetition RETURN Expression ';' '}'  (22)
	MethodDeclaration : PUBLIC Type IDENTIFIER '(' DeclarationTypesRepetition ')' . '{' RETURN Expression ';' '}'  (23)

	'{'  shift 69
	.  error


state 58
	MainClass : CLASS IDENTIFIER '{' PUBLIC STATIC VOID MAIN '(' STRING '[' ']' IDENTIFIER . ')' '{' Statement '}' '}'  (3)

	')'  shift 70
	.  error


state 59
	MethodDeclaration : PUBLIC Type IDENTIFIER '(' ')' '{' RETURN . Expression ';' '}'  (25)

	IDENTIFIER  shift 71
	INTEGERLITERAL  shift 72
	TRUE  shift 73
	FALSE  shift 74
	NEW  shift 75
	THIS  shift 76
	'('  shift 77
	'!'  shift 78
	.  error

	Expression  goto 79


state 60
	Statement : IF . '(' Expression ')' Statement ELSE Statement  (36)

	'('  shift 80
	.  error


state 61
	Statement : WHILE . '(' Expression ')' Statement  (37)

	'('  shift 81
	.  error


state 62
	Statement : PRINT . '(' Expression ')' ';'  (38)

	'('  shift 82
	.  error


state 63
	Type : IDENTIFIER .  (33)
	Statement : IDENTIFIER . '=' Expression ';'  (39)
	Statement : IDENTIFIER . '[' Expression ']' '=' Expression ';'  (40)

	'='  shift 83
	'['  shift 84
	IDENTIFIER  reduce 33


state 64
	Statement : '{' . StatementRepetition '}'  (34)
	Statement : '{' . '}'  (35)

	IF  shift 60
	WHILE  shift 61
	PRINT  shift 62
	IDENTIFIER  shift 85
	'{'  shift 64
	'}'  shift 86
	.  error

	Statement  goto 65
	StatementRepetition  goto 87


state 65
	StatementRepetition : Statement .  (29)

	.  reduce 29


state 66
	VarDeclaretionRepetition : VarDeclaretionRepetition . VarDeclaretion  (13)
	MethodDeclaration : PUBLIC Type IDENTIFIER '(' ')' '{' VarDeclaretionRepetition . StatementRepetition RETURN Expression ';' '}'  (20)
	MethodDeclaration : PUBLIC Type IDENTIFIER '(' ')' '{' VarDeclaretionRepetition . RETURN Expression ';' '}'  (21)

	RETURN  shift 88
	BOOLEAN  shift 17
	INT  shift 18
	IF  shift 60
	WHILE  shift 61
	PRINT  shift 62
	IDENTIFIER  shift 63
	'{'  shift 64
	.  error

	Statement  goto 65
	VarDeclaretion  goto 32
	Type  goto 25
	StatementRepetition  goto 89


state 67
	MethodDeclaration : PUBLIC Type IDENTIFIER '(' ')' '{' StatementRepetition . RETURN Expression ';' '}'  (24)
	StatementRepetition : StatementRepetition . Statement  (28)

	RETURN  shift 90
	IF  shift 60
	WHILE  shift 61
	PRINT  shift 62
	IDENTIFIER  shift 85
	'{'  shift 64
	.  error

	Statement  goto 91


state 68
	DeclarationTypesRepetition : Type IDENTIFIER ',' . DeclarationTypesRepetition  (26)

	BOOLEAN  shift 17
	INT  shift 18
	IDENTIFIER  shift 19
	.  error

	Type  goto 52
	DeclarationTypesRepetition  goto 92


state 69
	MethodDeclaration : PUBLIC Type IDENTIFIER '(' DeclarationTypesRepetition ')' '{' . VarDeclaretionRepetition StatementRepetition RETURN Expression ';' '}'  (18)
	MethodDeclaration : PUBLIC Type IDENTIFIER '(' DeclarationTypesRepetition ')' '{' . VarDeclaretionRepetition RETURN Expression ';' '}'  (19)
	MethodDeclaration : PUBLIC Type IDENTIFIER '(' DeclarationTypesRepetition ')' '{' . StatementRepetition RETURN Expression ';' '}'  (22)
	MethodDeclaration : PUBLIC Type IDENTIFIER '(' DeclarationTypesRepetition ')' '{' . RETURN Expression ';' '}'  (23)

	RETURN  shift 93
	BOOLEAN  shift 17
	INT  shift 18
	IF  shift 60
	WHILE  shift 61
	PRINT  shift 62
	IDENTIFIER  shift 63
	'{'  shift 64
	.  error

	Statement  goto 65
	VarDeclaretionRepetition  goto 94
	VarDeclaretion  goto 23
	Type  goto 25
	StatementRepetition  goto 95


state 70
	MainClass : CLASS IDENTIFIER '{' PUBLIC STATIC VOID MAIN '(' STRING '[' ']' IDENTIFIER ')' . '{' Statement '}' '}'  (3)

	'{'  shift 96
	.  error


state 71
	Expression : IDENTIFIER .  (49)

	.  reduce 49


state 72
	Expression : INTEGERLITERAL .  (46)

	.  reduce 46


state 73
	Expression : TRUE .  (47)

	.  reduce 47


state 74
	Expression : FALSE .  (48)

	.  reduce 48


state 75
	Expression : NEW . INT '[' Expression ']'  (51)
	Expression : NEW . IDENTIFIER '(' ')'  (52)

	INT  shift 97
	IDENTIFIER  shift 98
	.  error


state 76
	Expression : THIS .  (50)

	.  reduce 50


state 77
	Expression : '(' . Expression ')'  (54)

	IDENTIFIER  shift 71
	INTEGERLITERAL  shift 72
	TRUE  shift 73
	FALSE  shift 74
	NEW  shift 75
	THIS  shift 76
	'('  shift 77
	'!'  shift 78
	.  error

	Expression  goto 99


state 78
	Expression : '!' . Expression  (53)

	IDENTIFIER  shift 71
	INTEGERLITERAL  shift 72
	TRUE  shift 73
	FALSE  shift 74
	NEW  shift 75
	THIS  shift 76
	'('  shift 77
	'!'  shift 78
	.  error

	Expression  goto 100


state 79
	MethodDeclaration : PUBLIC Type IDENTIFIER '(' ')' '{' RETURN Expression . ';' '}'  (25)
	Expression : Expression . Operator Expression  (41)
	Expression : Expression . '[' Expression ']'  (42)
	Expression : Expression . '.' LENGTH  (43)
	Expression : Expression . '.' IDENTIFIER '(' ')'  (44)
	Expression : Expression . '.' IDENTIFIER '(' ExpressionRepetition ')'  (45)

	'<'  shift 101
	"&&"  shift 102
	'-'  shift 103
	'+'  shift 104
	'*'  shift 105
	'['  shift 106
	';'  shift 107
	'.'  shift 108
	.  error

	Operator  goto 109


state 80
	Statement : IF '(' . Expression ')' Statement ELSE Statement  (36)

	IDENTIFIER  shift 71
	INTEGERLITERAL  shift 72
	TRUE  shift 73
	FALSE  shift 74
	NEW  shift 75
	THIS  shift 76
	'('  shift 77
	'!'  shift 78
	.  error

	Expression  goto 110


state 81
	Statement : WHILE '(' . Expression ')' Statement  (37)

	IDENTIFIER  shift 71
	INTEGERLITERAL  shift 72
	TRUE  shift 73
	FALSE  shift 74
	NEW  shift 75
	THIS  shift 76
	'('  shift 77
	'!'  shift 78
	.  error

	Expression  goto 111


state 82
	Statement : PRINT '(' . Expression ')' ';'  (38)

	IDENTIFIER  shift 71
	INTEGERLITERAL  shift 72
	TRUE  shift 73
	FALSE  shift 74
	NEW  shift 75
	THIS  shift 76
	'('  shift 77
	'!'  shift 78
	.  error

	Expression  goto 112


state 83
	Statement : IDENTIFIER '=' . Expression ';'  (39)

	IDENTIFIER  shift 71
	INTEGERLITERAL  shift 72
	TRUE  shift 73
	FALSE  shift 74
	NEW  shift 75
	THIS  shift 76
	'('  shift 77
	'!'  shift 78
	.  error

	Expression  goto 113


state 84
	Statement : IDENTIFIER '[' . Expression ']' '=' Expression ';'  (40)

	IDENTIFIER  shift 71
	INTEGERLITERAL  shift 72
	TRUE  shift 73
	FALSE  shift 74
	NEW  shift 75
	THIS  shift 76
	'('  shift 77
	'!'  shift 78
	.  error

	Expression  goto 114


state 85
	Statement : IDENTIFIER . '=' Expression ';'  (39)
	Statement : IDENTIFIER . '[' Expression ']' '=' Expression ';'  (40)

	'='  shift 83
	'['  shift 84
	.  error


state 86
	Statement : '{' '}' .  (35)

	.  reduce 35


state 87
	StatementRepetition : StatementRepetition . Statement  (28)
	Statement : '{' StatementRepetition . '}'  (34)

	IF  shift 60
	WHILE  shift 61
	PRINT  shift 62
	IDENTIFIER  shift 85
	'{'  shift 64
	'}'  shift 115
	.  error

	Statement  goto 91


state 88
	MethodDeclaration : PUBLIC Type IDENTIFIER '(' ')' '{' VarDeclaretionRepetition RETURN . Expression ';' '}'  (21)

	IDENTIFIER  shift 71
	INTEGERLITERAL  shift 72
	TRUE  shift 73
	FALSE  shift 74
	NEW  shift 75
	THIS  shift 76
	'('  shift 77
	'!'  shift 78
	.  error

	Expression  goto 116


state 89
	MethodDeclaration : PUBLIC Type IDENTIFIER '(' ')' '{' VarDeclaretionRepetition StatementRepetition . RETURN Expression ';' '}'  (20)
	StatementRepetition : StatementRepetition . Statement  (28)

	RETURN  shift 117
	IF  shift 60
	WHILE  shift 61
	PRINT  shift 62
	IDENTIFIER  shift 85
	'{'  shift 64
	.  error

	Statement  goto 91


state 90
	MethodDeclaration : PUBLIC Type IDENTIFIER '(' ')' '{' StatementRepetition RETURN . Expression ';' '}'  (24)

	IDENTIFIER  shift 71
	INTEGERLITERAL  shift 72
	TRUE  shift 73
	FALSE  shift 74
	NEW  shift 75
	THIS  shift 76
	'('  shift 77
	'!'  shift 78
	.  error

	Expression  goto 118


state 91
	StatementRepetition : StatementRepetition Statement .  (28)

	.  reduce 28


state 92
	DeclarationTypesRepetition : Type IDENTIFIER ',' DeclarationTypesRepetition .  (26)

	.  reduce 26


state 93
	MethodDeclaration : PUBLIC Type IDENTIFIER '(' DeclarationTypesRepetition ')' '{' RETURN . Expression ';' '}'  (23)

	IDENTIFIER  shift 71
	INTEGERLITERAL  shift 72
	TRUE  shift 73
	FALSE  shift 74
	NEW  shift 75
	THIS  shift 76
	'('  shift 77
	'!'  shift 78
	.  error

	Expression  goto 119


state 94
	VarDeclaretionRepetition : VarDeclaretionRepetition . VarDeclaretion  (13)
	MethodDeclaration : PUBLIC Type IDENTIFIER '(' DeclarationTypesRepetition ')' '{' VarDeclaretionRepetition . StatementRepetition RETURN Expression ';' '}'  (18)
	MethodDeclaration : PUBLIC Type IDENTIFIER '(' DeclarationTypesRepetition ')' '{' VarDeclaretionRepetition . RETURN Expression ';' '}'  (19)

	RETURN  shift 120
	BOOLEAN  shift 17
	INT  shift 18
	IF  shift 60
	WHILE  shift 61
	PRINT  shift 62
	IDENTIFIER  shift 63
	'{'  shift 64
	.  error

	Statement  goto 65
	VarDeclaretion  goto 32
	Type  goto 25
	StatementRepetition  goto 121


state 95
	MethodDeclaration : PUBLIC Type IDENTIFIER '(' DeclarationTypesRepetition ')' '{' StatementRepetition . RETURN Expression ';' '}'  (22)
	StatementRepetition : StatementRepetition . Statement  (28)

	RETURN  shift 122
	IF  shift 60
	WHILE  shift 61
	PRINT  shift 62
	IDENTIFIER  shift 85
	'{'  shift 64
	.  error

	Statement  goto 91


state 96
	MainClass : CLASS IDENTIFIER '{' PUBLIC STATIC VOID MAIN '(' STRING '[' ']' IDENTIFIER ')' '{' . Statement '}' '}'  (3)

	IF  shift 60
	WHILE  shift 61
	PRINT  shift 62
	IDENTIFIER  shift 85
	'{'  shift 64
	.  error

	Statement  goto 123


state 97
	Expression : NEW INT . '[' Expression ']'  (51)

	'['  shift 124
	.  error


state 98
	Expression : NEW IDENTIFIER . '(' ')'  (52)

	'('  shift 125
	.  error


state 99
	Expression : Expression . Operator Expression  (41)
	Expression : Expression . '[' Expression ']'  (42)
	Expression : Expression . '.' LENGTH  (43)
	Expression : Expression . '.' IDENTIFIER '(' ')'  (44)
	Expression : Expression . '.' IDENTIFIER '(' ExpressionRepetition ')'  (45)
	Expression : '(' Expression . ')'  (54)

	'<'  shift 101
	"&&"  shift 102
	'-'  shift 103
	'+'  shift 104
	'*'  shift 105
	'['  shift 106
	')'  shift 126
	'.'  shift 108
	.  error

	Operator  goto 109


100: shift/reduce conflict (shift 101, reduce 53) on '<'
100: shift/reduce conflict (shift 102, reduce 53) on "&&"
100: shift/reduce conflict (shift 103, reduce 53) on '-'
100: shift/reduce conflict (shift 104, reduce 53) on '+'
100: shift/reduce conflict (shift 105, reduce 53) on '*'
100: shift/reduce conflict (shift 106, reduce 53) on '['
100: shift/reduce conflict (shift 108, reduce 53) on '.'
state 100
	Expression : Expression . Operator Expression  (41)
	Expression : Expression . '[' Expression ']'  (42)
	Expression : Expression . '.' LENGTH  (43)
	Expression : Expression . '.' IDENTIFIER '(' ')'  (44)
	Expression : Expression . '.' IDENTIFIER '(' ExpressionRepetition ')'  (45)
	Expression : '!' Expression .  (53)

	'<'  shift 101
	"&&"  shift 102
	'-'  shift 103
	'+'  shift 104
	'*'  shift 105
	'['  shift 106
	'.'  shift 108
	']'  reduce 53
	')'  reduce 53
	';'  reduce 53
	','  reduce 53

	Operator  goto 109


state 101
	Operator : '<' .  (58)

	.  reduce 58


state 102
	Operator : "&&" .  (57)

	.  reduce 57


state 103
	Operator : '-' .  (60)

	.  reduce 60


state 104
	Operator : '+' .  (59)

	.  reduce 59


state 105
	Operator : '*' .  (61)

	.  reduce 61


state 106
	Expression : Expression '[' . Expression ']'  (42)

	IDENTIFIER  shift 71
	INTEGERLITERAL  shift 72
	TRUE  shift 73
	FALSE  shift 74
	NEW  shift 75
	THIS  shift 76
	'('  shift 77
	'!'  shift 78
	.  error

	Expression  goto 127


state 107
	MethodDeclaration : PUBLIC Type IDENTIFIER '(' ')' '{' RETURN Expression ';' . '}'  (25)

	'}'  shift 128
	.  error


state 108
	Expression : Expression '.' . LENGTH  (43)
	Expression : Expression '.' . IDENTIFIER '(' ')'  (44)
	Expression : Expression '.' . IDENTIFIER '(' ExpressionRepetition ')'  (45)

	IDENTIFIER  shift 129
	LENGTH  shift 130
	.  error


state 109
	Expression : Expression Operator . Expression  (41)

	IDENTIFIER  shift 71
	INTEGERLITERAL  shift 72
	TRUE  shift 73
	FALSE  shift 74
	NEW  shift 75
	THIS  shift 76
	'('  shift 77
	'!'  shift 78
	.  error

	Expression  goto 131


state 110
	Statement : IF '(' Expression . ')' Statement ELSE Statement  (36)
	Expression : Expression . Operator Expression  (41)
	Expression : Expression . '[' Expression ']'  (42)
	Expression : Expression . '.' LENGTH  (43)
	Expression : Expression . '.' IDENTIFIER '(' ')'  (44)
	Expression : Expression . '.' IDENTIFIER '(' ExpressionRepetition ')'  (45)

	'<'  shift 101
	"&&"  shift 102
	'-'  shift 103
	'+'  shift 104
	'*'  shift 105
	'['  shift 106
	')'  shift 132
	'.'  shift 108
	.  error

	Operator  goto 109


state 111
	Statement : WHILE '(' Expression . ')' Statement  (37)
	Expression : Expression . Operator Expression  (41)
	Expression : Expression . '[' Expression ']'  (42)
	Expression : Expression . '.' LENGTH  (43)
	Expression : Expression . '.' IDENTIFIER '(' ')'  (44)
	Expression : Expression . '.' IDENTIFIER '(' ExpressionRepetition ')'  (45)

	'<'  shift 101
	"&&"  shift 102
	'-'  shift 103
	'+'  shift 104
	'*'  shift 105
	'['  shift 106
	')'  shift 133
	'.'  shift 108
	.  error

	Operator  goto 109


state 112
	Statement : PRINT '(' Expression . ')' ';'  (38)
	Expression : Expression . Operator Expression  (41)
	Expression : Expression . '[' Expression ']'  (42)
	Expression : Expression . '.' LENGTH  (43)
	Expression : Expression . '.' IDENTIFIER '(' ')'  (44)
	Expression : Expression . '.' IDENTIFIER '(' ExpressionRepetition ')'  (45)

	'<'  shift 101
	"&&"  shift 102
	'-'  shift 103
	'+'  shift 104
	'*'  shift 105
	'['  shift 106
	')'  shift 134
	'.'  shift 108
	.  error

	Operator  goto 109


state 113
	Statement : IDENTIFIER '=' Expression . ';'  (39)
	Expression : Expression . Operator Expression  (41)
	Expression : Expression . '[' Expression ']'  (42)
	Expression : Expression . '.' LENGTH  (43)
	Expression : Expression . '.' IDENTIFIER '(' ')'  (44)
	Expression : Expression . '.' IDENTIFIER '(' ExpressionRepetition ')'  (45)

	'<'  shift 101
	"&&"  shift 102
	'-'  shift 103
	'+'  shift 104
	'*'  shift 105
	'['  shift 106
	';'  shift 135
	'.'  shift 108
	.  error

	Operator  goto 109


state 114
	Statement : IDENTIFIER '[' Expression . ']' '=' Expression ';'  (40)
	Expression : Expression . Operator Expression  (41)
	Expression : Expression . '[' Expression ']'  (42)
	Expression : Expression . '.' LENGTH  (43)
	Expression : Expression . '.' IDENTIFIER '(' ')'  (44)
	Expression : Expression . '.' IDENTIFIER '(' ExpressionRepetition ')'  (45)

	'<'  shift 101
	"&&"  shift 102
	'-'  shift 103
	'+'  shift 104
	'*'  shift 105
	'['  shift 106
	']'  shift 136
	'.'  shift 108
	.  error

	Operator  goto 109


state 115
	Statement : '{' StatementRepetition '}' .  (34)

	.  reduce 34


state 116
	MethodDeclaration : PUBLIC Type IDENTIFIER '(' ')' '{' VarDeclaretionRepetition RETURN Expression . ';' '}'  (21)
	Expression : Expression . Operator Expression  (41)
	Expression : Expression . '[' Expression ']'  (42)
	Expression : Expression . '.' LENGTH  (43)
	Expression : Expression . '.' IDENTIFIER '(' ')'  (44)
	Expression : Expression . '.' IDENTIFIER '(' ExpressionRepetition ')'  (45)

	'<'  shift 101
	"&&"  shift 102
	'-'  shift 103
	'+'  shift 104
	'*'  shift 105
	'['  shift 106
	';'  shift 137
	'.'  shift 108
	.  error

	Operator  goto 109


state 117
	MethodDeclaration : PUBLIC Type IDENTIFIER '(' ')' '{' VarDeclaretionRepetition StatementRepetition RETURN . Expression ';' '}'  (20)

	IDENTIFIER  shift 71
	INTEGERLITERAL  shift 72
	TRUE  shift 73
	FALSE  shift 74
	NEW  shift 75
	THIS  shift 76
	'('  shift 77
	'!'  shift 78
	.  error

	Expression  goto 138


state 118
	MethodDeclaration : PUBLIC Type IDENTIFIER '(' ')' '{' StatementRepetition RETURN Expression . ';' '}'  (24)
	Expression : Expression . Operator Expression  (41)
	Expression : Expression . '[' Expression ']'  (42)
	Expression : Expression . '.' LENGTH  (43)
	Expression : Expression . '.' IDENTIFIER '(' ')'  (44)
	Expression : Expression . '.' IDENTIFIER '(' ExpressionRepetition ')'  (45)

	'<'  shift 101
	"&&"  shift 102
	'-'  shift 103
	'+'  shift 104
	'*'  shift 105
	'['  shift 106
	';'  shift 139
	'.'  shift 108
	.  error

	Operator  goto 109


state 119
	MethodDeclaration : PUBLIC Type IDENTIFIER '(' DeclarationTypesRepetition ')' '{' RETURN Expression . ';' '}'  (23)
	Expression : Expression . Operator Expression  (41)
	Expression : Expression . '[' Expression ']'  (42)
	Expression : Expression . '.' LENGTH  (43)
	Expression : Expression . '.' IDENTIFIER '(' ')'  (44)
	Expression : Expression . '.' IDENTIFIER '(' ExpressionRepetition ')'  (45)

	'<'  shift 101
	"&&"  shift 102
	'-'  shift 103
	'+'  shift 104
	'*'  shift 105
	'['  shift 106
	';'  shift 140
	'.'  shift 108
	.  error

	Operator  goto 109


state 120
	MethodDeclaration : PUBLIC Type IDENTIFIER '(' DeclarationTypesRepetition ')' '{' VarDeclaretionRepetition RETURN . Expression ';' '}'  (19)

	IDENTIFIER  shift 71
	INTEGERLITERAL  shift 72
	TRUE  shift 73
	FALSE  shift 74
	NEW  shift 75
	THIS  shift 76
	'('  shift 77
	'!'  shift 78
	.  error

	Expression  goto 141


state 121
	MethodDeclaration : PUBLIC Type IDENTIFIER '(' DeclarationTypesRepetition ')' '{' VarDeclaretionRepetition StatementRepetition . RETURN Expression ';' '}'  (18)
	StatementRepetition : StatementRepetition . Statement  (28)

	RETURN  shift 142
	IF  shift 60
	WHILE  shift 61
	PRINT  shift 62
	IDENTIFIER  shift 85
	'{'  shift 64
	.  error

	Statement  goto 91


state 122
	MethodDeclaration : PUBLIC Type IDENTIFIER '(' DeclarationTypesRepetition ')' '{' StatementRepetition RETURN . Expression ';' '}'  (22)

	IDENTIFIER  shift 71
	INTEGERLITERAL  shift 72
	TRUE  shift 73
	FALSE  shift 74
	NEW  shift 75
	THIS  shift 76
	'('  shift 77
	'!'  shift 78
	.  error

	Expression  goto 143


state 123
	MainClass : CLASS IDENTIFIER '{' PUBLIC STATIC VOID MAIN '(' STRING '[' ']' IDENTIFIER ')' '{' Statement . '}' '}'  (3)

	'}'  shift 144
	.  error


state 124
	Expression : NEW INT '[' . Expression ']'  (51)

	IDENTIFIER  shift 71
	INTEGERLITERAL  shift 72
	TRUE  shift 73
	FALSE  shift 74
	NEW  shift 75
	THIS  shift 76
	'('  shift 77
	'!'  shift 78
	.  error

	Expression  goto 145


state 125
	Expression : NEW IDENTIFIER '(' . ')'  (52)

	')'  shift 146
	.  error


state 126
	Expression : '(' Expression ')' .  (54)

	.  reduce 54


state 127
	Expression : Expression . Operator Expression  (41)
	Expression : Expression . '[' Expression ']'  (42)
	Expression : Expression '[' Expression . ']'  (42)
	Expression : Expression . '.' LENGTH  (43)
	Expression : Expression . '.' IDENTIFIER '(' ')'  (44)
	Expression : Expression . '.' IDENTIFIER '(' ExpressionRepetition ')'  (45)

	'<'  shift 101
	"&&"  shift 102
	'-'  shift 103
	'+'  shift 104
	'*'  shift 105
	'['  shift 106
	']'  shift 147
	'.'  shift 108
	.  error

	Operator  goto 109


state 128
	MethodDeclaration : PUBLIC Type IDENTIFIER '(' ')' '{' RETURN Expression ';' '}' .  (25)

	.  reduce 25


state 129
	Expression : Expression '.' IDENTIFIER . '(' ')'  (44)
	Expression : Expression '.' IDENTIFIER . '(' ExpressionRepetition ')'  (45)

	'('  shift 148
	.  error


state 130
	Expression : Expression '.' LENGTH .  (43)

	.  reduce 43


131: shift/reduce conflict (shift 101, reduce 41) on '<'
131: shift/reduce conflict (shift 102, reduce 41) on "&&"
131: shift/reduce conflict (shift 103, reduce 41) on '-'
131: shift/reduce conflict (shift 104, reduce 41) on '+'
131: shift/reduce conflict (shift 105, reduce 41) on '*'
131: shift/reduce conflict (shift 106, reduce 41) on '['
131: shift/reduce conflict (shift 108, reduce 41) on '.'
state 131
	Expression : Expression . Operator Expression  (41)
	Expression : Expression Operator Expression .  (41)
	Expression : Expression . '[' Expression ']'  (42)
	Expression : Expression . '.' LENGTH  (43)
	Expression : Expression . '.' IDENTIFIER '(' ')'  (44)
	Expression : Expression . '.' IDENTIFIER '(' ExpressionRepetition ')'  (45)

	'<'  shift 101
	"&&"  shift 102
	'-'  shift 103
	'+'  shift 104
	'*'  shift 105
	'['  shift 106
	'.'  shift 108
	']'  reduce 41
	')'  reduce 41
	';'  reduce 41
	','  reduce 41

	Operator  goto 109


state 132
	Statement : IF '(' Expression ')' . Statement ELSE Statement  (36)

	IF  shift 60
	WHILE  shift 61
	PRINT  shift 62
	IDENTIFIER  shift 85
	'{'  shift 64
	.  error

	Statement  goto 149


state 133
	Statement : WHILE '(' Expression ')' . Statement  (37)

	IF  shift 60
	WHILE  shift 61
	PRINT  shift 62
	IDENTIFIER  shift 85
	'{'  shift 64
	.  error

	Statement  goto 150


state 134
	Statement : PRINT '(' Expression ')' . ';'  (38)

	';'  shift 151
	.  error


state 135
	Statement : IDENTIFIER '=' Expression ';' .  (39)

	.  reduce 39


state 136
	Statement : IDENTIFIER '[' Expression ']' . '=' Expression ';'  (40)

	'='  shift 152
	.  error


state 137
	MethodDeclaration : PUBLIC Type IDENTIFIER '(' ')' '{' VarDeclaretionRepetition RETURN Expression ';' . '}'  (21)

	'}'  shift 153
	.  error


state 138
	MethodDeclaration : PUBLIC Type IDENTIFIER '(' ')' '{' VarDeclaretionRepetition StatementRepetition RETURN Expression . ';' '}'  (20)
	Expression : Expression . Operator Expression  (41)
	Expression : Expression . '[' Expression ']'  (42)
	Expression : Expression . '.' LENGTH  (43)
	Expression : Expression . '.' IDENTIFIER '(' ')'  (44)
	Expression : Expression . '.' IDENTIFIER '(' ExpressionRepetition ')'  (45)

	'<'  shift 101
	"&&"  shift 102
	'-'  shift 103
	'+'  shift 104
	'*'  shift 105
	'['  shift 106
	';'  shift 154
	'.'  shift 108
	.  error

	Operator  goto 109


state 139
	MethodDeclaration : PUBLIC Type IDENTIFIER '(' ')' '{' StatementRepetition RETURN Expression ';' . '}'  (24)

	'}'  shift 155
	.  error


state 140
	MethodDeclaration : PUBLIC Type IDENTIFIER '(' DeclarationTypesRepetition ')' '{' RETURN Expression ';' . '}'  (23)

	'}'  shift 156
	.  error


state 141
	MethodDeclaration : PUBLIC Type IDENTIFIER '(' DeclarationTypesRepetition ')' '{' VarDeclaretionRepetition RETURN Expression . ';' '}'  (19)
	Expression : Expression . Operator Expression  (41)
	Expression : Expression . '[' Expression ']'  (42)
	Expression : Expression . '.' LENGTH  (43)
	Expression : Expression . '.' IDENTIFIER '(' ')'  (44)
	Expression : Expression . '.' IDENTIFIER '(' ExpressionRepetition ')'  (45)

	'<'  shift 101
	"&&"  shift 102
	'-'  shift 103
	'+'  shift 104
	'*'  shift 105
	'['  shift 106
	';'  shift 157
	'.'  shift 108
	.  error

	Operator  goto 109


state 142
	MethodDeclaration : PUBLIC Type IDENTIFIER '(' DeclarationTypesRepetition ')' '{' VarDeclaretionRepetition StatementRepetition RETURN . Expression ';' '}'  (18)

	IDENTIFIER  shift 71
	INTEGERLITERAL  shift 72
	TRUE  shift 73
	FALSE  shift 74
	NEW  shift 75
	THIS  shift 76
	'('  shift 77
	'!'  shift 78
	.  error

	Expression  goto 158


state 143
	MethodDeclaration : PUBLIC Type IDENTIFIER '(' DeclarationTypesRepetition ')' '{' StatementRepetition RETURN Expression . ';' '}'  (22)
	Expression : Expression . Operator Expression  (41)
	Expression : Expression . '[' Expression ']'  (42)
	Expression : Expression . '.' LENGTH  (43)
	Expression : Expression . '.' IDENTIFIER '(' ')'  (44)
	Expression : Expression . '.' IDENTIFIER '(' ExpressionRepetition ')'  (45)

	'<'  shift 101
	"&&"  shift 102
	'-'  shift 103
	'+'  shift 104
	'*'  shift 105
	'['  shift 106
	';'  shift 159
	'.'  shift 108
	.  error

	Operator  goto 109


state 144
	MainClass : CLASS IDENTIFIER '{' PUBLIC STATIC VOID MAIN '(' STRING '[' ']' IDENTIFIER ')' '{' Statement '}' . '}'  (3)

	'}'  shift 160
	.  error


state 145
	Expression : Expression . Operator Expression  (41)
	Expression : Expression . '[' Expression ']'  (42)
	Expression : Expression . '.' LENGTH  (43)
	Expression : Expression . '.' IDENTIFIER '(' ')'  (44)
	Expression : Expression . '.' IDENTIFIER '(' ExpressionRepetition ')'  (45)
	Expression : NEW INT '[' Expression . ']'  (51)

	'<'  shift 101
	"&&"  shift 102
	'-'  shift 103
	'+'  shift 104
	'*'  shift 105
	'['  shift 106
	']'  shift 161
	'.'  shift 108
	.  error

	Operator  goto 109


state 146
	Expression : NEW IDENTIFIER '(' ')' .  (52)

	.  reduce 52


state 147
	Expression : Expression '[' Expression ']' .  (42)

	.  reduce 42


state 148
	Expression : Expression '.' IDENTIFIER '(' . ')'  (44)
	Expression : Expression '.' IDENTIFIER '(' . ExpressionRepetition ')'  (45)

	IDENTIFIER  shift 71
	INTEGERLITERAL  shift 72
	TRUE  shift 73
	FALSE  shift 74
	NEW  shift 75
	THIS  shift 76
	'('  shift 77
	')'  shift 162
	'!'  shift 78
	.  error

	Expression  goto 163
	ExpressionRepetition  goto 164


state 149
	Statement : IF '(' Expression ')' Statement . ELSE Statement  (36)

	ELSE  shift 165
	.  error


state 150
	Statement : WHILE '(' Expression ')' Statement .  (37)

	.  reduce 37


state 151
	Statement : PRINT '(' Expression ')' ';' .  (38)

	.  reduce 38


state 152
	Statement : IDENTIFIER '[' Expression ']' '=' . Expression ';'  (40)

	IDENTIFIER  shift 71
	INTEGERLITERAL  shift 72
	TRUE  shift 73
	FALSE  shift 74
	NEW  shift 75
	THIS  shift 76
	'('  shift 77
	'!'  shift 78
	.  error

	Expression  goto 166


state 153
	MethodDeclaration : PUBLIC Type IDENTIFIER '(' ')' '{' VarDeclaretionRepetition RETURN Expression ';' '}' .  (21)

	.  reduce 21


state 154
	MethodDeclaration : PUBLIC Type IDENTIFIER '(' ')' '{' VarDeclaretionRepetition StatementRepetition RETURN Expression ';' . '}'  (20)

	'}'  shift 167
	.  error


state 155
	MethodDeclaration : PUBLIC Type IDENTIFIER '(' ')' '{' StatementRepetition RETURN Expression ';' '}' .  (24)

	.  reduce 24


state 156
	MethodDeclaration : PUBLIC Type IDENTIFIER '(' DeclarationTypesRepetition ')' '{' RETURN Expression ';' '}' .  (23)

	.  reduce 23


state 157
	MethodDeclaration : PUBLIC Type IDENTIFIER '(' DeclarationTypesRepetition ')' '{' VarDeclaretionRepetition RETURN Expression ';' . '}'  (19)

	'}'  shift 168
	.  error


state 158
	MethodDeclaration : PUBLIC Type IDENTIFIER '(' DeclarationTypesRepetition ')' '{' VarDeclaretionRepetition StatementRepetition RETURN Expression . ';' '}'  (18)
	Expression : Expression . Operator Expression  (41)
	Expression : Expression . '[' Expression ']'  (42)
	Expression : Expression . '.' LENGTH  (43)
	Expression : Expression . '.' IDENTIFIER '(' ')'  (44)
	Expression : Expression . '.' IDENTIFIER '(' ExpressionRepetition ')'  (45)

	'<'  shift 101
	"&&"  shift 102
	'-'  shift 103
	'+'  shift 104
	'*'  shift 105
	'['  shift 106
	';'  shift 169
	'.'  shift 108
	.  error

	Operator  goto 109


state 159
	MethodDeclaration : PUBLIC Type IDENTIFIER '(' DeclarationTypesRepetition ')' '{' StatementRepetition RETURN Expression ';' . '}'  (22)

	'}'  shift 170
	.  error


state 160
	MainClass : CLASS IDENTIFIER '{' PUBLIC STATIC VOID MAIN '(' STRING '[' ']' IDENTIFIER ')' '{' Statement '}' '}' .  (3)

	.  reduce 3


state 161
	Expression : NEW INT '[' Expression ']' .  (51)

	.  reduce 51


state 162
	Expression : Expression '.' IDENTIFIER '(' ')' .  (44)

	.  reduce 44


state 163
	Expression : Expression . Operator Expression  (41)
	Expression : Expression . '[' Expression ']'  (42)
	Expression : Expression . '.' LENGTH  (43)
	Expression : Expression . '.' IDENTIFIER '(' ')'  (44)
	Expression : Expression . '.' IDENTIFIER '(' ExpressionRepetition ')'  (45)
	ExpressionRepetition : Expression .  (56)

	'<'  shift 101
	"&&"  shift 102
	'-'  shift 103
	'+'  shift 104
	'*'  shift 105
	'['  shift 106
	'.'  shift 108
	')'  reduce 56
	','  reduce 56

	Operator  goto 109


state 164
	Expression : Expression '.' IDENTIFIER '(' ExpressionRepetition . ')'  (45)
	ExpressionRepetition : ExpressionRepetition . ',' Expression  (55)

	')'  shift 171
	','  shift 172
	.  error


state 165
	Statement : IF '(' Expression ')' Statement ELSE . Statement  (36)

	IF  shift 60
	WHILE  shift 61
	PRINT  shift 62
	IDENTIFIER  shift 85
	'{'  shift 64
	.  error

	Statement  goto 173


state 166
	Statement : IDENTIFIER '[' Expression ']' '=' Expression . ';'  (40)
	Expression : Expression . Operator Expression  (41)
	Expression : Expression . '[' Expression ']'  (42)
	Expression : Expression . '.' LENGTH  (43)
	Expression : Expression . '.' IDENTIFIER '(' ')'  (44)
	Expression : Expression . '.' IDENTIFIER '(' ExpressionRepetition ')'  (45)

	'<'  shift 101
	"&&"  shift 102
	'-'  shift 103
	'+'  shift 104
	'*'  shift 105
	'['  shift 106
	';'  shift 174
	'.'  shift 108
	.  error

	Operator  goto 109


state 167
	MethodDeclaration : PUBLIC Type IDENTIFIER '(' ')' '{' VarDeclaretionRepetition StatementRepetition RETURN Expression ';' '}' .  (20)

	.  reduce 20


state 168
	MethodDeclaration : PUBLIC Type IDENTIFIER '(' DeclarationTypesRepetition ')' '{' VarDeclaretionRepetition RETURN Expression ';' '}' .  (19)

	.  reduce 19


state 169
	MethodDeclaration : PUBLIC Type IDENTIFIER '(' DeclarationTypesRepetition ')' '{' VarDeclaretionRepetition StatementRepetition RETURN Expression ';' . '}'  (18)

	'}'  shift 175
	.  error


state 170
	MethodDeclaration : PUBLIC Type IDENTIFIER '(' DeclarationTypesRepetition ')' '{' StatementRepetition RETURN Expression ';' '}' .  (22)

	.  reduce 22


state 171
	Expression : Expression '.' IDENTIFIER '(' ExpressionRepetition ')' .  (45)

	.  reduce 45


state 172
	ExpressionRepetition : ExpressionRepetition ',' . Expression  (55)

	IDENTIFIER  shift 71
	INTEGERLITERAL  shift 72
	TRUE  shift 73
	FALSE  shift 74
	NEW  shift 75
	THIS  shift 76
	'('  shift 77
	'!'  shift 78
	.  error

	Expression  goto 176


state 173
	Statement : IF '(' Expression ')' Statement ELSE Statement .  (36)

	.  reduce 36


state 174
	Statement : IDENTIFIER '[' Expression ']' '=' Expression ';' .  (40)

	.  reduce 40


state 175
	MethodDeclaration : PUBLIC Type IDENTIFIER '(' DeclarationTypesRepetition ')' '{' VarDeclaretionRepetition StatementRepetition RETURN Expression ';' '}' .  (18)

	.  reduce 18


state 176
	Expression : Expression . Operator Expression  (41)
	Expression : Expression . '[' Expression ']'  (42)
	Expression : Expression . '.' LENGTH  (43)
	Expression : Expression . '.' IDENTIFIER '(' ')'  (44)
	Expression : Expression . '.' IDENTIFIER '(' ExpressionRepetition ')'  (45)
	ExpressionRepetition : ExpressionRepetition ',' Expression .  (55)

	'<'  shift 101
	"&&"  shift 102
	'-'  shift 103
	'+'  shift 104
	'*'  shift 105
	'['  shift 106
	'.'  shift 108
	')'  reduce 55
	','  reduce 55

	Operator  goto 109


State 100 contains 7 shift/reduce conflicts.
State 131 contains 7 shift/reduce conflicts.


39 terminals, 16 nonterminals
62 grammar rules, 177 states
